FrontEnd/meetsync_pro/android/app/build/outputs/mapping/release/seeds.txt
com.example.meetsync_pro.MainActivity
com.example.meetsync_pro.MainActivity: MainActivity()
...
com.google.firestore.v1.DocumentChange: com.google.protobuf.Internal$IntList targetIds_
com.google.firestore.v1.StructuredQuery$UnaryFilter: int FIELD_FIELD_NUMBER
com.google.android.recaptcha.internal.zzaf: com.google.android.recaptcha.internal.zzaf zza
com.google.android.gms.internal.firebase-auth-api.zzsa: int[] zza
com.google.android.gms.internal.firebase-auth-api.zzxy: java.lang.String zza
com.google.android.play.core.integrity.model.IntegrityErrorCode: int CANNOT_BIND_TO_SERVICE
com.google.android.gms.internal.firebase-auth-api.zzamh: long zzt
com.google.android.recaptcha.internal.zzkt: com.google.android.recaptcha.internal.zzll zzd
com.google.android.gms.internal.firebase-auth-api.zzafb: com.google.android.gms.internal.firebase-auth-api.zzafu zzf
com.google.android.recaptcha.internal.zzhc: int zze
com.google.android.recaptcha.internal.zzl: com.google.android.recaptcha.internal.zzl zzG
com.google.android.gms.internal.firebase-auth-api.zzajl: com.google.android.gms.internal.firebase-auth-api.zzajl zzf
kotlinx.coroutines.CancellableContinuationImpl: java.lang.Object _parentHandle
com.google.android.gms.internal.firebase-auth-api.zzlq: byte[] zzb
com.google.android.gms.internal.firebase-auth-api.zzgf: com.google.android.gms.internal.firebase-auth-api.zzgf zza
com.google.android.gms.internal.base.zav: com.google.android.gms.common.Feature[] zab
com.google.android.gms.internal.firebase-auth-api.zzxq: java.util.regex.Pattern zzb
com.google.android.gms.internal.firebase-auth-api.zzamy: com.google.android.gms.internal.firebase-auth-api.zzamy zzb
com.google.android.gms.internal.firebase-auth-api.zzfp: com.google.android.gms.internal.firebase-auth-api.zzfp zza
com.google.android.gms.internal.firebase-auth-api.zzls: com.google.android.gms.internal.firebase-auth-api.zzwq zza
com.google.android.recaptcha.internal.zzex: java.lang.String zzb
com.google.firebase.auth.FacebookAuthCredential: android.os.Parcelable$Creator CREATOR
com.google.android.gms.internal.firebase-auth-api.zzux: com.google.android.gms.internal.firebase-auth-api.zzahm zzf
com.google.android.recaptcha.internal.zzhp: com.google.android.recaptcha.internal.zzix zza
com.google.android.gms.internal.firebase-auth-api.zzga: com.google.android.gms.internal.firebase-auth-api.zzoe zzc
com.google.android.recaptcha.internal.zzft: int zzc
com.google.android.gms.internal.firebase-auth-api.zzags: java.lang.String zzg
com.google.android.gms.internal.firebase-auth-api.zzjl$zze: com.google.android.gms.internal.firebase-auth-api.zzjl$zze zza
com.google.android.recaptcha.internal.zzam: com.google.android.recaptcha.internal.zzg zzf
com.google.android.gms.internal.firebase-auth-api.zzaic: int zzl
com.google.android.gms.internal.firebase-auth-api.zzaix: com.google.android.gms.internal.firebase-auth-api.zzaix zzq
com.google.android.gms.internal.firebase-auth-api.zzrc: com.google.android.gms.internal.firebase-auth-api.zzrc zza
com.google.android.recaptcha.internal.zzoj: java.lang.String zzj
androidx.lifecycle.Lifecycle$Event: androidx.lifecycle.Lifecycle$Event$Companion Companion
com.google.android.gms.internal.firebase-auth-api.zznm: com.google.android.gms.internal.firebase-auth-api.zznm zza
com.google.android.gms.internal.firebase-auth-api.zznw: java.lang.Class zzb
com.google.android.recaptcha.internal.zzkt: java.lang.Class zzb
com.google.android.gms.tasks.zzaf: java.lang.Object zza
com.google.android.recaptcha.internal.zzme: com.google.android.recaptcha.internal.zzib zza
com.google.android.gms.internal.firebase-auth-api.zzaix: com.google.android.gms.internal.firebase-auth-api.zzaix zzap
com.google.android.recaptcha.internal.zzmb: com.google.android.recaptcha.internal.zzmb zza
com.google.firebase.firestore.proto.MaybeDocument: com.google.firebase.firestore.proto.MaybeDocument DEFAULT_INSTANCE
com.google.android.recaptcha.internal.zzbq: com.google.android.recaptcha.internal.zzh zza
com.google.firestore.v1.BitSequence: com.google.protobuf.Parser PARSER