FrontEnd/meetsync_pro/android/app/build/outputs/mapping/release/usage.txt
com.example.meetsync_pro.BuildConfig
com.example.meetsync_pro.R$drawable
com.example.meetsync_pro.R$mipmap
com.example.meetsync_pro.R$string
com.example.meetsync_pro.R$style
com.example.meetsync_pro.R
...
kotlinx.coroutines.scheduling.TaskContextImpl:
    public static void afterTask()
    public static int getTaskMode()
kotlinx.coroutines.scheduling.UnlimitedIoScheduler:
    public final kotlinx.coroutines.CoroutineDispatcher limitedParallelism()
kotlinx.coroutines.scheduling.WorkQueue$$InternalSyntheticBackportWithForwarding$1$9363abb24a3ff4b9253e4bebc27f259c727057e4b296b6c47458b0f68b64948d$0
kotlinx.coroutines.scheduling.WorkQueue$$InternalSyntheticBackportWithForwarding$1$a00ca567711852944231a48d98b96d3fb9a77bf9c832d09eb2cea01c2b0c62f1$0
kotlinx.coroutines.scheduling.WorkQueue$$InternalSyntheticBackportWithForwarding$1$a9a47cdc35bd15ccaf311d9c792b9c6f272bae9743e62ca165a38ddc99be967e$0
kotlinx.coroutines.scheduling.WorkQueue:
    public static kotlinx.coroutines.scheduling.Task add()
    public static void decrementIfBlocking()
    public final int getBufferSize()
    public static int getSize$kotlinx_coroutines_core()
    public static void offloadAllWorkTo()
    public static kotlinx.coroutines.scheduling.Task poll()
    public static kotlinx.coroutines.scheduling.Task pollBlocking()
    public static boolean pollTo()
    public static kotlinx.coroutines.scheduling.Task pollWithExclusiveMode()
    public static kotlinx.coroutines.scheduling.Task stealWithExclusiveMode()
    public static long trySteal()
    public static long tryStealLastScheduled()
kotlinx.coroutines.selects.SelectImplementation
kotlinx.coroutines.selects.SelectInstance
kotlinx.coroutines.selects.TrySelectDetailedResult$EnumUnboxingLocalUtility
kotlinx.coroutines.selects.TrySelectDetailedResult
kotlinx.coroutines.sync.Mutex$DefaultImpls
kotlinx.coroutines.sync.Mutex:
    public abstract java.lang.Object lock(kotlin.coroutines.jvm.internal.ContinuationImpl)
    public abstract boolean tryLock(java.lang.Object)
    public abstract void unlock(java.lang.Object)
kotlinx.coroutines.sync.MutexImpl$$InternalSyntheticBackportWithForwarding$1$0ce68f83efb927893927dbd4ab3184973a8f694090376b57b90d8e042ec63e3b$0
kotlinx.coroutines.sync.MutexImpl$CancellableContinuationWithOwner$resume$2:
    public final void invoke(java.lang.Throwable)
kotlinx.coroutines.sync.MutexImpl$CancellableContinuationWithOwner$tryResume$token$1:
    public final void invoke(java.lang.Throwable)
kotlinx.coroutines.sync.MutexImpl$CancellableContinuationWithOwner:
    public final java.lang.Object owner
    public final void invokeOnCancellation(kotlin.jvm.functions.Function1)
    public final boolean isCompleted()
    public static void resume()
    public static java.lang.Object tryResume()
    public final kotlinx.coroutines.internal.Symbol tryResumeWithException(java.lang.Throwable)
kotlinx.coroutines.sync.MutexImpl$onSelectCancellationUnlockConstructor$1$$InternalSyntheticThrowCCEIfNotNull$21$e634a1efc9f9d19efdc51a8311cdeb4ba5af9b8a819fdd49e70289097aecd006$0
kotlinx.coroutines.sync.MutexImpl$onSelectCancellationUnlockConstructor$1$1
kotlinx.coroutines.sync.MutexImpl$onSelectCancellationUnlockConstructor$1
kotlinx.coroutines.sync.MutexImpl:
    public final kotlin.jvm.functions.Function3 onSelectCancellationUnlockConstructor
    public static int holdsLockImpl()
    public final boolean isLocked()
    public static java.lang.Object lockSuspend()
    public static int tryLockImpl()
kotlinx.coroutines.sync.MutexKt:
    public static final kotlinx.coroutines.internal.Symbol ON_LOCK_ALREADY_LOCKED_BY_OWNER
    public static final synthetic kotlinx.coroutines.internal.Symbol access$getNO_OWNER$p()
kotlinx.coroutines.sync.SemaphoreImpl$$InternalSyntheticBackportWithForwarding$1$52312df87efbfafaa95c65d52ac4de5105bf7140041f2fd453795807adeeeff9$0
kotlinx.coroutines.sync.SemaphoreImpl$$InternalSyntheticBackportWithForwarding$1$52312df87efbfafaa95c65d52ac4de5105bf7140041f2fd453795807adeeeff9$1
kotlinx.coroutines.sync.SemaphoreImpl$$InternalSyntheticBackportWithForwarding$1$52312df87efbfafaa95c65d52ac4de5105bf7140041f2fd453795807adeeeff9$2